[    0.000000] Linux version 4.15.0-166-generic (buildd@lgw01-amd64-012) (gcc version 7.5.0 (Ubuntu 7.5.0-3ubuntu1~18.04)) #174-Ubuntu SMP Wed Dec 8 19:07:44 UTC 2021 (Ubuntu 4.15.0-166.174-generic 4.15.18)
[    0.000000] Command line: BOOT_IMAGE=/boot/vmlinuz-4.15.0-166-generic root=LABEL=cloudimg-rootfs ro console=tty1 console=ttyS0
[    0.000000] KERNEL supported cpus:
[    0.000000]   Intel GenuineIntel
[    0.000000]   AMD AuthenticAMD
[    0.000000]   Centaur CentaurHauls
[    0.000000] x86/fpu: x87 FPU will use FXSAVE
[    0.000000] e820: BIOS-provided physical RAM map:
[    0.000000] BIOS-e820: [mem 0x0000000000000000-0x000000000009fbff] usable
[    0.000000] BIOS-e820: [mem 0x000000000009fc00-0x000000000009ffff] reserved
[    0.000000] BIOS-e820: [mem 0x00000000000f0000-0x00000000000fffff] reserved
[    0.000000] BIOS-e820: [mem 0x0000000000100000-0x000000001ffeffff] usable
[    0.000000] BIOS-e820: [mem 0x000000001fff0000-0x000000001fffffff] ACPI data
[    0.000000] BIOS-e820: [mem 0x00000000fec00000-0x00000000fec00fff] reserved
[    0.000000] BIOS-e820: [mem 0x00000000fee00000-0x00000000fee00fff] reserved
[    0.000000] BIOS-e820: [mem 0x00000000fffc0000-0x00000000ffffffff] reserved
[    0.000000] NX (Execute Disable) protection: active
[    0.000000] SMBIOS 2.5 present.
[    0.000000] DMI: innotek GmbH VirtualBox/VirtualBox, BIOS VirtualBox 12/01/2006
[    0.000000] Hypervisor detected: KVM
[    0.000000] e820: last_pfn = 0x1fff0 max_arch_pfn = 0x400000000
[    0.000000] MTRR: Disabled
[    0.000000] x86/PAT: MTRRs disabled, skipping PAT initialization too.
[    0.000000] CPU MTRRs all blank - virtualized system.
[    0.000000] x86/PAT: Configuration [0-7]: WB  WT  UC- UC  WB  WT  UC- UC  
[    0.000000] found SMP MP-table at [mem 0x0009fff0-0x0009ffff]
[    0.000000] Scanning 1 areas for low memory corruption
[    0.000000] RAMDISK: [mem 0x1dac2000-0x1eeaffff]
[    0.000000] ACPI: Early table checksum verification disabled
[    0.000000] ACPI: RSDP 0x00000000000E0000 000024 (v02 VBOX  )
[    0.000000] ACPI: XSDT 0x000000001FFF0030 00003C (v01 VBOX   VBOXXSDT 00000001 ASL  00000061)
[    0.000000] ACPI: FACP 0x000000001FFF00F0 0000F4 (v04 VBOX   VBOXFACP 00000001 ASL  00000061)
[    0.000000] ACPI: DSDT 0x000000001FFF0470 002325 (v02 VBOX   VBOXBIOS 00000002 INTL 20100528)
[    0.000000] ACPI: FACS 0x000000001FFF0200 000040
[    0.000000] ACPI: FACS 0x000000001FFF0200 000040
[    0.000000] ACPI: APIC 0x000000001FFF0240 000054 (v02 VBOX   VBOXAPIC 00000001 ASL  00000061)
[    0.000000] ACPI: SSDT 0x000000001FFF02A0 0001CC (v01 VBOX   VBOXCPUT 00000002 INTL 20100528)
[    0.000000] ACPI: Reserving FACP table memory at [mem 0x1fff00f0-0x1fff01e3]
[    0.000000] ACPI: Reserving DSDT table memory at [mem 0x1fff0470-0x1fff2794]
[    0.000000] ACPI: Reserving FACS table memory at [mem 0x1fff0200-0x1fff023f]
[    0.000000] ACPI: Reserving FACS table memory at [mem 0x1fff0200-0x1fff023f]
[    0.000000] ACPI: Reserving APIC table memory at [mem 0x1fff0240-0x1fff0293]
[    0.000000] ACPI: Reserving SSDT table memory at [mem 0x1fff02a0-0x1fff046b]
[    0.000000] No NUMA configuration found
[    0.000000] Faking a node at [mem 0x0000000000000000-0x000000001ffeffff]
[    0.000000] NODE_DATA(0) allocated [mem 0x1ffc5000-0x1ffeffff]
[    0.000000] kvm-clock: cpu 0, msr 0:1ff44001, primary cpu clock
[    0.000000] kvm-clock: Using msrs 4b564d01 and 4b564d00
[    0.000000] kvm-clock: using sched offset of 7762193208 cycles
[    0.000000] clocksource: kvm-clock: mask: 0xffffffffffffffff max_cycles: 0x1cd42e4dffb, max_idle_ns: 881590591483 ns
[    0.000000] Zone ranges:
[    0.000000]   DMA      [mem 0x0000000000001000-0x0000000000ffffff]
[    0.000000]   DMA32    [mem 0x0000000001000000-0x000000001ffeffff]
[    0.000000]   Normal   empty
[    0.000000]   Device   empty
[    0.000000] Movable zone start for each node
[    0.000000] Early memory node ranges
[    0.000000]   node   0: [mem 0x0000000000001000-0x000000000009efff]
[    0.000000]   node   0: [mem 0x0000000000100000-0x000000001ffeffff]
[    0.000000] Reserved but unavailable: 104 pages
[    0.000000] Initmem setup node 0 [mem 0x0000000000001000-0x000000001ffeffff]
[    0.000000] ACPI: PM-Timer IO Port: 0x4008
[    0.000000] IOAPIC[0]: apic_id 1, version 32, address 0xfec00000, GSI 0-23
[    0.000000] ACPI: INT_SRC_OVR (bus 0 bus_irq 0 global_irq 2 dfl dfl)
[    0.000000] ACPI: INT_SRC_OVR (bus 0 bus_irq 9 global_irq 9 low level)
[    0.000000] Using ACPI (MADT) for SMP configuration information
[    0.000000] smpboot: Allowing 1 CPUs, 0 hotplug CPUs
[    0.000000] PM: Registered nosave memory: [mem 0x00000000-0x00000fff]
[    0.000000] PM: Registered nosave memory: [mem 0x0009f000-0x0009ffff]
[    0.000000] PM: Registered nosave memory: [mem 0x000a0000-0x000effff]
[    0.000000] PM: Registered nosave memory: [mem 0x000f0000-0x000fffff]
[    0.000000] e820: [mem 0x20000000-0xfebfffff] available for PCI devices
[    0.000000] Booting paravirtualized kernel on KVM
[    0.000000] clocksource: refined-jiffies: mask: 0xffffffff max_cycles: 0xffffffff, max_idle_ns: 7645519600211568 ns
[    0.000000] random: get_random_bytes called from start_kernel+0x99/0x500 with crng_init=0
[    0.000000] setup_percpu: NR_CPUS:8192 nr_cpumask_bits:1 nr_cpu_ids:1 nr_node_ids:1
[    0.000000] percpu: Embedded 45 pages/cpu s147456 r8192 d28672 u2097152
[    0.000000] PV qspinlock hash table entries: 256 (order: 0, 4096 bytes)
[    0.000000] Built 1 zonelists, mobility grouping on.  Total pages: 128889
[    0.000000] Policy zone: DMA32
[    0.000000] Kernel command line: BOOT_IMAGE=/boot/vmlinuz-4.15.0-166-generic root=LABEL=cloudimg-rootfs ro console=tty1 console=ttyS0
[    0.000000] Memory: 465912K/523832K available (12300K kernel code, 2483K rwdata, 4320K rodata, 2448K init, 2724K bss, 57920K reserved, 0K cma-reserved)
[    0.000000] SLUB: HWalign=64, Order=0-3, MinObjects=0, CPUs=1, Nodes=1
[    0.000000] ftrace: allocating 39491 entries in 155 pages
[    0.004000] Hierarchical RCU implementation.
[    0.004000] 	RCU restricting CPUs from NR_CPUS=8192 to nr_cpu_ids=1.
[    0.004000] 	Tasks RCU enabled.
[    0.004000] RCU: Adjusting geometry for rcu_fanout_leaf=16, nr_cpu_ids=1
[    0.004000] NR_IRQS: 524544, nr_irqs: 256, preallocated irqs: 16
[    0.004000] Console: colour VGA+ 80x25
[    0.004000] console [tty1] enabled
[    0.004000] console [ttyS0] enabled
[    0.004000] ACPI: Core revision 20170831
[    0.004000] ACPI: 2 ACPI AML tables successfully acquired and loaded
[    0.004000] APIC: Switch to symmetric I/O mode setup
[    0.008000] ..TIMER: vector=0x30 apic1=0 pin1=2 apic2=-1 pin2=-1
[    0.008005] tsc: Detected 1992.007 MHz processor
[    0.012011] Calibrating delay loop (skipped) preset value.. 3984.01 BogoMIPS (lpj=7968028)
[    0.016006] pid_max: default: 32768 minimum: 301
[    0.020046] Security Framework initialized
[    0.024003] Yama: becoming mindful.
[    0.028021] AppArmor: AppArmor initialized
[    0.032078] Dentry cache hash table entries: 65536 (order: 7, 524288 bytes)
[    0.036034] Inode-cache hash table entries: 32768 (order: 6, 262144 bytes)
[    0.040013] Mount-cache hash table entries: 1024 (order: 1, 8192 bytes)
[    0.044010] Mountpoint-cache hash table entries: 1024 (order: 1, 8192 bytes)
[    0.053256] Last level iTLB entries: 4KB 64, 2MB 8, 4MB 8
[    0.056002] Last level dTLB entries: 4KB 64, 2MB 0, 4MB 0, 1GB 4
[    0.060003] Spectre V1 : Mitigation: usercopy/swapgs barriers and __user pointer sanitization
[    0.064005] Spectre V2 : Mitigation: Full generic retpoline
[    0.068003] Spectre V2 : Spectre v2 / SpectreRSB mitigation: Filling RSB on context switch
[    0.072006] Speculative Store Bypass: Vulnerable
[    0.076048] MDS: Mitigation: Clear CPU buffers
[    0.084000] Freeing SMP alternatives memory: 36K
[    0.168003] APIC calibration not consistent with PM-Timer: 116ms instead of 100ms
[    0.172000] APIC delta adjusted to PM-Timer: 7923561 (9191406)
[    0.172384] smpboot: CPU0: Intel(R) Core(TM) i7-8565U CPU @ 1.80GHz (family: 0x6, model: 0x8e, stepping: 0xb)
[    0.176076] Performance Events: unsupported p6 CPU model 142 no PMU driver, software events only.
[    0.180077] Hierarchical SRCU implementation.
[    0.184479] NMI watchdog: Perf event create on CPU 0 failed with -2
[    0.188004] NMI watchdog: Perf NMI watchdog permanently disabled
[    0.192053] smp: Bringing up secondary CPUs ...
[    0.196005] smp: Brought up 1 node, 1 CPU
[    0.200077] smpboot: Max logical packages: 1
[    0.204006] smpboot: Total of 1 processors activated (3984.01 BogoMIPS)
[    0.208172] devtmpfs: initialized
[    0.212050] x86/mm: Memory block size: 128MB
[    0.216088] evm: security.selinux
[    0.220003] evm: security.SMACK64
[    0.224002] evm: security.SMACK64EXEC
[    0.226733] evm: security.SMACK64TRANSMUTE
[    0.228001] evm: security.SMACK64MMAP
[    0.232028] evm: security.apparmor
[    0.234687] evm: security.ima
[    0.236002] evm: security.capability
[    0.240105] clocksource: jiffies: mask: 0xffffffff max_cycles: 0xffffffff, max_idle_ns: 7645041785100000 ns
[    0.244012] futex hash table entries: 256 (order: 2, 16384 bytes)
[    0.248032] pinctrl core: initialized pinctrl subsystem
[    0.252421] RTC time: 10:10:12, date: 01/27/22
[    0.256130] NET: Registered protocol family 16
[    0.260061] audit: initializing netlink subsys (disabled)
[    0.264105] cpuidle: using governor ladder
[    0.267345] cpuidle: using governor menu
[    0.268006] audit: type=2000 audit(1643278220.472:1): state=initialized audit_enabled=0 res=1
[    0.272056] ACPI: bus type PCI registered
[    0.276002] acpiphp: ACPI Hot Plug PCI Controller Driver version: 0.5
[    0.280292] PCI: Using configuration type 1 for base access
[    0.284831] HugeTLB registered 2.00 MiB page size, pre-allocated 0 pages
[    0.288108] ACPI: Added _OSI(Module Device)
[    0.292011] ACPI: Added _OSI(Processor Device)
[    0.296006] ACPI: Added _OSI(3.0 _SCP Extensions)
[    0.300004] ACPI: Added _OSI(Processor Aggregator Device)
[    0.304020] ACPI: Added _OSI(Linux-Dell-Video)
[    0.308025] ACPI: Added _OSI(Linux-Lenovo-NV-HDMI-Audio)
[    0.312009] ACPI: Added _OSI(Linux-HPI-Hybrid-Graphics)
[    0.316886] ACPI: Executed 1 blocks of module-level executable AML code
[    0.325844] ACPI: Interpreter enabled
[    0.328021] ACPI: (supports S0 S5)
[    0.332008] ACPI: Using IOAPIC for interrupt routing
[    0.336416] PCI: Using host bridge windows from ACPI; if necessary, use "pci=nocrs" and report a bug
[    0.340276] ACPI: Enabled 2 GPEs in block 00 to 07
[    0.356926] ACPI: PCI Root Bridge [PCI0] (domain 0000 [bus 00-ff])
[    0.360017] acpi PNP0A03:00: _OSC: OS supports [ASPM ClockPM Segments MSI]
[    0.364791] acpi PNP0A03:00: _OSC: not requesting OS control; OS requires [ExtendedConfig ASPM ClockPM MSI]
[    0.368020] acpi PNP0A03:00: fail to add MMCONFIG information, can't access extended PCI configuration space under this bridge.
[    0.376663] PCI host bridge to bus 0000:00
[    0.380008] pci_bus 0000:00: root bus resource [io  0x0000-0x0cf7 window]
[    0.384003] pci_bus 0000:00: root bus resource [io  0x0d00-0xffff window]
[    0.388002] pci_bus 0000:00: root bus resource [mem 0x000a0000-0x000bffff window]
[    0.392003] pci_bus 0000:00: root bus resource [mem 0x20000000-0xfdffffff window]
[    0.396003] pci_bus 0000:00: root bus resource [bus 00-ff]
[    0.406429] pci 0000:00:01.1: legacy IDE quirk: reg 0x10: [io  0x01f0-0x01f7]
[    0.408002] pci 0000:00:01.1: legacy IDE quirk: reg 0x14: [io  0x03f6]
[    0.412003] pci 0000:00:01.1: legacy IDE quirk: reg 0x18: [io  0x0170-0x0177]
[    0.416002] pci 0000:00:01.1: legacy IDE quirk: reg 0x1c: [io  0x0376]
[    0.489856] pci 0000:00:07.0: quirk: [io  0x4000-0x403f] claimed by PIIX4 ACPI
[    0.492046] pci 0000:00:07.0: quirk: [io  0x4100-0x410f] claimed by PIIX4 SMB
[    0.516747] ACPI: PCI Interrupt Link [LNKA] (IRQs 5 9 10 *11)
[    0.520509] ACPI: PCI Interrupt Link [LNKB] (IRQs 5 9 *10 11)
[    0.528016] ACPI: PCI Interrupt Link [LNKC] (IRQs 5 *9 10 11)
[    0.532181] ACPI: PCI Interrupt Link [LNKD] (IRQs 5 9 10 *11)
[    0.536317] SCSI subsystem initialized
[    0.540131] pci 0000:00:02.0: vgaarb: setting as boot VGA device
[    0.544000] pci 0000:00:02.0: vgaarb: VGA device added: decodes=io+mem,owns=io+mem,locks=none
[    0.544004] pci 0000:00:02.0: vgaarb: bridge control possible
[    0.548002] vgaarb: loaded
[    0.552021] ACPI: bus type USB registered
[    0.556014] usbcore: registered new interface driver usbfs
[    0.560011] usbcore: registered new interface driver hub
[    0.564008] usbcore: registered new device driver usb
[    0.568083] EDAC MC: Ver: 3.0.0
[    0.576556] PCI: Using ACPI for IRQ routing
[    0.580668] NetLabel: Initializing
[    0.584001] NetLabel:  domain hash size = 128
[    0.588001] NetLabel:  protocols = UNLABELED CIPSOv4 CALIPSO
[    0.592013] NetLabel:  unlabeled traffic allowed by default
[    0.600013] clocksource: Switched to clocksource kvm-clock
[    0.698297] VFS: Disk quotas dquot_6.6.0
[    0.702444] VFS: Dquot-cache hash table entries: 512 (order 0, 4096 bytes)
[    0.708627] AppArmor: AppArmor Filesystem Enabled
[    0.712169] pnp: PnP ACPI init
[    0.717633] pnp: PnP ACPI: found 3 devices
[    0.729006] clocksource: acpi_pm: mask: 0xffffff max_cycles: 0xffffff, max_idle_ns: 2085701024 ns
[    0.736936] NET: Registered protocol family 2
[    0.782293] IP idents hash table entries: 8192 (order: 4, 65536 bytes)
[    0.788579] TCP established hash table entries: 4096 (order: 3, 32768 bytes)
[    0.794782] TCP bind hash table entries: 4096 (order: 4, 65536 bytes)
[    0.800481] TCP: Hash tables configured (established 4096 bind 4096)
[    0.805745] UDP hash table entries: 256 (order: 1, 8192 bytes)
[    0.810277] UDP-Lite hash table entries: 256 (order: 1, 8192 bytes)
[    0.815781] NET: Registered protocol family 1
[    0.819564] pci 0000:00:00.0: Limiting direct PCI/PCI transfers
[    0.824170] pci 0000:00:01.0: Activating ISA DMA hang workarounds
[    0.828076] pci 0000:00:02.0: Video device with shadowed ROM at [mem 0x000c0000-0x000dffff]
[    0.835544] Unpacking initramfs...
[    1.778873] Freeing initrd memory: 20408K
[    1.782671] clocksource: tsc: mask: 0xffffffffffffffff max_cycles: 0x396d5f483f0, max_idle_ns: 881590717882 ns
[    1.832178] platform rtc_cmos: registered platform RTC device (no PNP device found)
[    1.838197] Scanning for low memory corruption every 60 seconds
[    1.843491] Initialise system trusted keyrings
[    1.847613] Key type blacklist registered
[    1.851007] workingset: timestamp_bits=36 max_order=17 bucket_order=0
[    1.858184] zbud: loaded
[    1.861567] squashfs: version 4.0 (2009/01/31) Phillip Lougher
[    1.866286] fuse init (API version 7.26)
[    1.873742] Key type asymmetric registered
[    1.877390] Asymmetric key parser 'x509' registered
[    1.927544] Block layer SCSI generic (bsg) driver version 0.4 loaded (major 246)
[    1.935333] io scheduler noop registered
[    1.939221] io scheduler deadline registered
[    1.942882] io scheduler cfq registered (default)
[    1.947494] ACPI: AC Adapter [AC] (on-line)
[    1.952289] input: Power Button as /devices/LNXSYSTM:00/LNXPWRBN:00/input/input0
[    1.959259] ACPI: Power Button [PWRF]
[    1.963211] input: Sleep Button as /devices/LNXSYSTM:00/LNXSLPBN:00/input/input1
[    1.970062] ACPI: Sleep Button [SLPF]
[    1.975579] ACPI: Battery Slot [BAT0] (battery present)
[    1.980349] Serial: 8250/16550 driver, 32 ports, IRQ sharing enabled
[    2.058379] 00:02: ttyS0 at I/O 0x3f8 (irq = 4, base_baud = 115200) is a 16550A
[    2.067686] Linux agpgart interface v0.103
[    2.080059] loop: module loaded
[    2.131663] scsi host0: ata_piix
[    2.135181] scsi host1: ata_piix
[    2.137913] ata1: PATA max UDMA/33 cmd 0x1f0 ctl 0x3f6 bmdma 0xd000 irq 14
[    2.143105] ata2: PATA max UDMA/33 cmd 0x170 ctl 0x376 bmdma 0xd008 irq 15
[    2.150771] libphy: Fixed MDIO Bus: probed
[    2.154695] tun: Universal TUN/TAP device driver, 1.6
[    2.158753] PPP generic driver version 2.4.2
[    2.162355] ehci_hcd: USB 2.0 'Enhanced' Host Controller (EHCI) Driver
[    2.167352] ehci-pci: EHCI PCI platform driver
[    2.170916] ehci-platform: EHCI generic platform driver
[    2.175378] ohci_hcd: USB 1.1 'Open' Host Controller (OHCI) Driver
[    2.180308] ohci-pci: OHCI PCI platform driver
[    2.183724] ohci-platform: OHCI generic platform driver
[    2.188697] uhci_hcd: USB Universal Host Controller Interface driver
[    2.234594] i8042: PNP: PS/2 Controller [PNP0303:PS2K,PNP0f03:PS2M] at 0x60,0x64 irq 1,12
[    2.243897] serio: i8042 KBD port at 0x60,0x64 irq 1
[    2.248380] serio: i8042 AUX port at 0x60,0x64 irq 12
[    2.252146] mousedev: PS/2 mouse device common for all mice
[    2.257527] input: AT Translated Set 2 keyboard as /devices/platform/i8042/serio0/input/input2
[    2.265482] rtc_cmos rtc_cmos: rtc core: registered rtc_cmos as rtc0
[    2.271610] rtc_cmos rtc_cmos: alarms up to one day, 114 bytes nvram
[    2.276560] i2c /dev entries driver
[    2.279545] device-mapper: uevent: version 1.0.3
[    2.284269] device-mapper: ioctl: 4.37.0-ioctl (2017-09-20) initialised: dm-devel@redhat.com
[    2.386781] ledtrig-cpu: registered to indicate activity on CPUs
[    2.392293] NET: Registered protocol family 10
[    2.438832] Segment Routing with IPv6
[    2.442555] NET: Registered protocol family 17
[    2.446655] Key type dns_resolver registered
[    2.450629] mce: Using 0 MCE banks
[    2.453692] RAS: Correctable Errors collector initialized.
[    2.458393] sched_clock: Marking stable (2458289605, 0)->(4258725951, -1800436346)
[    2.466828] registered taskstats version 1
[    2.471674] Loading compiled-in X.509 certificates
[    2.480160] Loaded X.509 cert 'Build time autogenerated kernel key: 408b96eb428cbe545a63e9a677d083d5c6df802b'
[    2.490942] Loaded X.509 cert 'Canonical Ltd. Live Patch Signing: 14df34d1a87cf37625abec039ef2bf521249b969'
[    2.550890] Loaded X.509 cert 'Canonical Ltd. Kernel Module Signing: 88f752e560a1e0737e31163a466ad7b70a850c19'
[    2.559153] blacklist: Loading compiled-in revocation X.509 certificates
[    2.565230] Loaded X.509 cert 'Canonical Ltd. Secure Boot Signing: 61482aa2830d0ab2ad5af10b7250da9033ddcef0'
[    2.573444] zswap: loaded using pool lzo/zbud
[    2.580706] Key type big_key registered
[    2.584414] Key type trusted registered
[    2.588740] Key type encrypted registered
[    2.592375] AppArmor: AppArmor sha1 policy hashing enabled
[    2.596824] ima: No TPM chip found, activating TPM-bypass! (rc=-19)
[    2.648676] ima: Allocated hash algorithm: sha1
[    2.652725] evm: HMAC attrs: 0x1
[    2.656434]   Magic number: 6:673:174
[    2.659582] rtc_cmos rtc_cmos: setting system clock to 2022-01-27 10:10:15 UTC (1643278215)
[    2.667237] BIOS EDD facility v0.16 2004-Jun-25, 0 devices found
[    2.673750] EDD information not available.
[    2.680570] Freeing unused kernel image memory: 2448K
[    2.693791] Write protecting the kernel read-only data: 20480k
[    2.700346] Freeing unused kernel image memory: 2008K
[    2.705090] Freeing unused kernel image memory: 1824K
[    2.712814] x86/mm: Checked W+X mappings: passed, no W+X pages found.
Loading, please wait...
starting version 237
[    2.915602] vboxvideo: loading out-of-tree module taints kernel.
[    2.964976] e1000: Intel(R) PRO/1000 Network Driver - version 7.3.21-k8-NAPI
[    2.971428] e1000: Copyright (c) 1999-2006 Intel Corporation.
[    2.979463] Fusion MPT base driver 3.04.20
[    2.983862] Copyright (c) 1999-2008 LSI Corporation
[    3.075153] Fusion MPT SPI Host driver 3.04.20
[    3.083699] vboxvideo: module verification failed: signature and/or required key missing - tainting kernel
[    3.092173] vboxvideo: loading version 6.1.30 r148432
[    3.369180] input: ImExPS/2 Generic Explorer Mouse as /devices/platform/i8042/serio1/input/input4
[    4.188890] e1000 0000:00:03.0 eth0: (PCI:33MHz:32-bit) 02:0f:94:a1:da:7f
[    4.195777] e1000 0000:00:03.0 eth0: Intel(R) PRO/1000 Network Connection
[    4.204782] mptbase: ioc0: Initiating bringup
[    4.312827] ioc0: LSI53C1030 A0: Capabilities={Initiator}
[    4.572478] scsi host2: ioc0: LSI53C1030 A0, FwRev=00000000h, Ports=1, MaxQ=256, IRQ=20
[    4.751402] scsi 2:0:0:0: Direct-Access     VBOX     HARDDISK         1.0  PQ: 0 ANSI: 5
[    4.759828] [drm] VRAM 01000000
[    4.762971] scsi target2:0:0: Beginning Domain Validation
[    4.767543] [TTM] Zone  kernel: Available graphics memory: 246318 kiB
[    4.772848] [TTM] Initializing pool allocator
[    4.778431] [TTM] Initializing DMA pool allocator
[    4.786974] random: fast init done
[    4.791435] scsi target2:0:0: Domain Validation skipping write tests
[    4.796641] scsi target2:0:0: Ending Domain Validation
[    4.931585] scsi target2:0:0: asynchronous
[    4.935618] random: systemd-udevd: uninitialized urandom read (16 bytes read)
[    4.941416] random: systemd-udevd: uninitialized urandom read (16 bytes read)
[    4.947643] random: systemd-udevd: uninitialized urandom read (16 bytes read)
[    4.954576] scsi 2:0:1:0: Direct-Access     VBOX     HARDDISK         1.0  PQ: 0 ANSI: 5
[    4.961604] fbcon: vboxdrmfb (fb0) is primary device
[    4.977662] Console: switching to colour frame buffer device 100x37
[    4.977682] scsi target2:0:1: Beginning Domain Validation
[    5.045470] scsi target2:0:1: Domain Validation skipping write tests
[    5.045471] scsi target2:0:1: Ending Domain Validation
[    5.045716] scsi target2:0:1: asynchronous
[    5.061858] vboxvideo 0000:00:02.0: fb0: vboxdrmfb frame buffer device
[    5.065682] [drm] Initialized vboxvideo 1.0.0 20130823 for 0000:00:02.0 on minor 0
[    5.078025] sd 2:0:0:0: Attached scsi generic sg0 type 0
[    5.081436] sd 2:0:0:0: [sda] 83886080 512-byte logical blocks: (42.9 GB/40.0 GiB)
[    5.089427] sd 2:0:1:0: [sdb] 20480 512-byte logical blocks: (10.5 MB/10.0 MiB)
[    5.093502] sd 2:0:1:0: [sdb] Write Protect is off
[    5.096373] sd 2:0:0:0: [sda] Write Protect is off
[    5.143901] sd 2:0:1:0: Attached scsi generic sg1 type 0
[    5.153052] sd 2:0:1:0: [sdb] Incomplete mode parameter data
[    5.160871] sd 2:0:1:0: [sdb] Assuming drive cache: write through
[    5.247153] sd 2:0:0:0: [sda] Incomplete mode parameter data
[    5.254647] sd 2:0:0:0: [sda] Assuming drive cache: write through
[    5.289933] sd 2:0:1:0: [sdb] Attached SCSI disk
[    5.346495]  sda: sda1
[    5.356858] sd 2:0:0:0: [sda] Attached SCSI disk
[    6.337709] e1000 0000:00:08.0 eth1: (PCI:33MHz:32-bit) 08:00:27:85:35:15
[    6.346068] e1000 0000:00:08.0 eth1: Intel(R) PRO/1000 Network Connection
[    6.356131] e1000 0000:00:08.0 enp0s8: renamed from eth1
[    6.381894] e1000 0000:00:03.0 enp0s3: renamed from eth0
Begin: Loading essential drivers ... [    6.680084] raid6: sse2x1   gen() 14495 MB/s
[    6.782047] raid6: sse2x1   xor() 10209 MB/s
[    6.884076] raid6: sse2x2   gen() 11791 MB/s
[    6.988149] raid6: sse2x2   xor() 11885 MB/s
[    7.092069] raid6: sse2x4   gen() 18719 MB/s
[    7.192106] raid6: sse2x4   xor() 12112 MB/s
[    7.200687] raid6: using algorithm sse2x4 gen() 18719 MB/s
[    7.209383] raid6: .... xor() 12112 MB/s, rmw enabled
[    7.217891] raid6: using ssse3x2 recovery algorithm
[    7.228036] xor: measuring software checksum speed
[    7.432468]    prefetch64-sse: 63796.000 MB/sec
[    7.616116]    generic_sse: 59467.000 MB/sec
[    7.624092] xor: using function: prefetch64-sse (63796.000 MB/sec)
[    7.634537] async_tx: api initialized (async)
done.
Begin: Running /scripts/init-premount ... done.
Begin: Mounting root file system ... Begin: Running /scripts/local-top ... done.
Begin: Running /scripts/local-premount ... [    7.748473] Btrfs loaded, crc32c=crc32c-intel
Scanning for Btrfs filesystems
done.
Begin: Will now check root file system ... fsck from util-linux 2.31.1
[/sbin/fsck.ext4 (1) -- /dev/sda1] fsck.ext4 -a -C0 /dev/sda1 
cloudimg-rootfs: clean, 81160/5120000 files, 745002/10485499 blocks
done.
[    7.947216] EXT4-fs (sda1): mounted filesystem with ordered data mode. Opts: (null)
done.
Begin: Running /scripts/local-bottom ... done.
Begin: Running /scripts/init-bottom ... done.
[    8.603148] ip_tables: (C) 2000-2006 Netfilter Core Team
[    8.715570] systemd[1]: systemd 237 running in system mode. (+PAM +AUDIT +SELINUX +IMA +APPARMOR +SMACK +SYSVINIT +UTMP +LIBCRYPTSETUP +GCRYPT +GNUTLS +ACL +XZ +LZ4 +SECCOMP +BLKID +ELFUTILS +KMOD -IDN2 +IDN -PCRE2 default-hierarchy=hybrid)
[    8.787474] systemd[1]: Detected virtualization oracle.
[    8.810067] systemd[1]: Detected architecture x86-64.

Welcome to [1mUbuntu 18.04.6 LTS[0m!

[    8.934532] systemd[1]: Set hostname to <ubuntu-bionic>.
[    9.471434] random: crng init done
[    9.492802] random: 7 urandom warning(s) missed due to ratelimiting
[   10.502257] systemd[1]: Reached target System Time Synchronized.
[[0;32m  OK  [0m] Reached target System Time Synchronized.
[   10.529247] systemd[1]: Created slice User and Session Slice.
[[0;32m  OK  [0m] Created slice User and Session Slice.
[   10.543213] systemd[1]: Reached target User and Group Name Lookups.
[[0;32m  OK  [0m] Reached target User and Group Name Lookups.
[   10.557978] systemd[1]: Reached target Swap.
[[0;32m  OK  [0m] Reached target Swap.
[   10.623846] systemd[1]: Set up automount Arbitrary Executable File Formats File System Automount Point.
[[0;32m  OK  [0m] Set up automount Arbitrary Executab…rmats File System Automount Point.
[   10.649095] systemd[1]: Started Forward Password Requests to Wall Directory Watch.
[[0;32m  OK  [0m] Started Forward Password Requests to Wall Directory Watch.
[[0;32m  OK  [0m] Created slice System Slice.
[[0;32m  OK  [0m] Listening on Journal Socket.
         Mounting Kernel Debug File System...
[[0;32m  OK  [0m] Listening on Network Service Netlink Socket.
[[0;32m  OK  [0m] Listening on LVM2 poll daemon socket.
[[0;32m  OK  [0m] Listening on fsck to fsckd communication Socket.
[[0;32m  OK  [0m] Listening on Syslog Socket.
         Starting Create list of required st…ce nodes for the current kernel...
[[0;32m  OK  [0m] Listening on udev Kernel Socket.
         Mounting POSIX Message Queue File System...
[[0;32m  OK  [0m] Listening on Journal Audit Socket.
[[0;32m  OK  [0m] Listening on Device-mapper event daemon FIFOs.
[[0;32m  OK  [0m] Listening on LVM2 metadata daemon socket.
         Starting Monitoring of LVM2 mirrors…ng dmeventd or progress polling...
[[0;32m  OK  [0m] Listening on udev Control Socket.
         Starting Load Kernel Modules...
         Starting Set the console keyboard layout...
         Starting udev Coldplug all Devices...
[[0;32m  OK  [0m] Listening on Journal Socket (/dev/log).
         Starting Journal Service...
[[0;32m  OK  [0m] Reached target Slices.
[[0;32m  OK  [0m] Created slice system-serial\x2dgetty.slice.
         Starting Uncomplicated firewall...
         Mounting Huge Pages File System...
[[0;32m  OK  [0m] Listening on /dev/initctl Compatibility Named Pipe.
         Starting Remount Root and Kernel File Systems...
[[0;32m  OK  [0m] Mounted Kernel Debug File System.
[[0;32m  OK  [0m] Started Create list of required sta…vice nodes for the current kernel.
[[0;32m  OK  [0m] Mounted POSIX Message Queue File System.
[[   10.961377] Loading iSCSI transport class v2.0-870.
[0;32m  OK  [0m] Mounted Huge Pages File System.
         Starting Create Static Device Nodes in /dev...
[[0;32m  OK  [0m] Started udev Coldplug all Devices.
[[0;32m  OK  [0m] Started Uncomplicated firewall.
[[0;32m  OK  [0m] Started LVM2 metadata daemon.
[[0;32m  OK  [0m] Started Journal Service.
[   11.188865] iscsi: registered transport (tcp)
[   11.221445] EXT4-fs (sda1): re-mounted. Opts: (null)
[[0;32m  OK  [0m] Started Remount Root and Kernel File Systems.
[   11.297312] iscsi: registered transport (iser)
         Starting Load/Save Random Seed...
         Starting Flush Journal to Persistent Storage...
[[0;32m  OK  [0m] Started Load Kernel Modules.
[[0;32m  OK  [0m] Started Create Static Device Nodes in /dev.
         Starting udev Kernel Device Manager...
         Starting Apply Kernel Variables...
         Mounting FUSE Control File System...
         Mounting Kernel Configuration File System...
[[0;32m  OK  [0m] Started Monitoring of LVM2 mirrors,…sing dmeventd or progress polling.
[[0;32m  OK  [0m] Started Load/Save Random Seed.
[[0;32m  OK  [0m] Mounted FUSE Control File System.
[[0;32m  OK  [0m] Mounted Kernel Configuration File System.
[   11.502346] systemd-journald[395]: Received request to flush runtime journal from PID 1
[[0;32m  OK  [0m] Started Set the console keyboard layout.
[[0;32m  OK  [0m] Reached target Local File Systems (Pre).
[[0;32m  OK  [0m] Reached target Local File Systems.
         Starting Set console font and keymap...
         Starting netfilter persistent configuration...
         Starting Tell Plymouth To Write Out Runtime Data...
         Starting AppArmor initialization...
         Starting ebtables ruleset management...
[[0;32m  OK  [0m] Started udev Kernel Device Manager.
[[0;32m  OK  [0m] Started Dispatch Password Requests to Console Directory Watch.
[[0;32m  OK  [0m] Reached target Local Encrypted Volumes.
[[0;32m  OK  [0m] Started Apply Kernel Variables.
[[0;32m  OK  [0m] Started Set console font and keymap.
[[0;32m  OK  [0m] Started Tell Plymouth To Write Out Runtime Data.
[[0;32m  OK  [0m] Started ebtables ruleset management.
[[0;32m  OK  [0m] Started Flush Journal to Persistent Storage.
         Starting Create Volatile Files and Directories...
[[0;32m  OK  [0m] Started netfilter persistent configuration.
[[0;32m  OK  [0m] Started Create Volatile Files and Directories.
         Starting Update UTMP about System Boot/Shutdown...
[[0;32m  OK  [0m] Found device /dev/ttyS0.
[[0;32m  OK  [0m] Started Update UTMP about System Boot/Shutdown.
[[0;32m  OK  [0m] Listening on Load/Save RF Kill Switch Status /dev/rfkill Watch.
[[0;32m  OK  [0m] Started AppArmor initialization.
         Starting Load AppArmor profiles managed internally by snapd...
         Starting Initial cloud-init job (pre-networking)...
[[0;32m  OK  [0m] Started Load AppArmor profiles managed internally by snapd.
[   19.250548] cloud-init[580]: Cloud-init v. 21.4-0ubuntu1~18.04.1 running 'init-local' at Thu, 27 Jan 2022 10:10:31 +0000. Up 18.60 seconds.
[[0;32m  OK  [0m] Started Initial cloud-init job (pre-networking).
[[0;32m  OK  [0m] Reached target Network (Pre).
         Starting Network Service...
[[0;32m  OK  [0m] Started Network Service.
         Starting Network Name Resolution...
         Starting Wait for Network to be Configured...
[[0;32m  OK  [0m] Started Network Name Resolution.
[[0;32m  OK  [0m] Reached target Host and Network Name Lookups.
[[0;32m  OK  [0m] Reached target Network.
[[0;32m  OK  [0m] Started Wait for Network to be Configured.
         Starting Initial cloud-init job (metadata service crawler)...
[   21.918623] cloud-init[709]: Cloud-init v. 21.4-0ubuntu1~18.04.1 running 'init' at Thu, 27 Jan 2022 10:10:34 +0000. Up 21.72 seconds.
[   21.927237] cloud-init[709]: ci-info: ++++++++++++++++++++++++++++++++++++++Net device info++++++++++++++++++++++++++++++++++++++
[   21.937048] cloud-init[709]: ci-info: +--------+-------+---------------------------+---------------+--------+-------------------+
[   21.945862] cloud-init[709]: ci-info: | Device |   Up  |          Address          |      Mask     | Scope  |     Hw-Address    |
[   21.951228] cloud-init[709]: ci-info: +--------+-------+---------------------------+---------------+--------+-------------------+
[   21.957036] cloud-init[709]: ci-info: | enp0s3 |  True |       192.168.115.15      | 255.255.255.0 | global | 02:0f:94:a1:da:7f |
[   21.971919] cloud-init[709]: ci-info: | enp0s3 |  True | fe80::f:94ff:fea1:da7f/64 |       .       |  link  | 02:0f:94:a1:da:7f |
[   22.033565] cloud-init[709]: ci-info: | enp0s8 | False |             .             |       .       |   .    | 08:00:27:85:35:15 |
[   22.039419] cloud-init[709]: ci-info: |   lo   |  True |         127.0.0.1         |   255.0.0.0   |  host  |         .         |
[   22.045295] cloud-init[709]: ci-info: |   lo   |  True |          ::1/128          |       .       |  host  |         .         |
[   22.052348] cloud-init[709]: ci-info: +--------+-------+---------------------------+---------------+--------+-------------------+
[   22.059785] cloud-init[709]: ci-info: ++++++++++++++++++++++++++++++++Route IPv4 info++++++++++++++++++++++++++++++++
[   22.066682] cloud-init[709]: ci-info: +-------+---------------+---------------+-----------------+-----------+-------+
[   22.074017] cloud-init[709]: ci-info: | Route |  Destination  |    Gateway    |     Genmask     | Interface | Flags |
[   22.079871] cloud-init[709]: ci-info: +-------+---------------+---------------+-----------------+-----------+-------+
[   22.127168] cloud-init[709]: ci-info: |   0   |    0.0.0.0    | 192.168.115.2 |     0.0.0.0     |   enp0s3  |   UG  |
[   22.132438] cloud-init[709]: ci-info: |   1   | 192.168.115.0 |    0.0.0.0    |  255.255.255.0  |   enp0s3  |   U   |
[   22.137955] cloud-init[709]: ci-info: |   2   | 192.168.115.2 |    0.0.0.0    | 255.255.255.255 |   enp0s3  |   UH  |
[   22.144958] cloud-init[709]: ci-info: +-------+---------------+---------------+-----------------+-----------+-------+
[   22.151777] cloud-init[709]: ci-info: +++++++++++++++++++Route IPv6 info+++++++++++++++++++
[   22.156377] cloud-init[709]: ci-info: +-------+-------------+---------+-----------+-------+
[   22.161075] cloud-init[709]: ci-info: | Route | Destination | Gateway | Interface | Flags |
[   22.166391] cloud-init[709]: ci-info: +-------+-------------+---------+-----------+-------+
[   22.173735] cloud-init[709]: ci-info: |   1   |  fe80::/64  |    ::   |   enp0s3  |   U   |
[   22.231822] cloud-init[709]: ci-info: |   3   |   anycast   |    ::   |   enp0s3  |   U   |
[   22.236829] cloud-init[709]: ci-info: |   4   |    local    |    ::   |   enp0s3  |   U   |
[   22.241768] cloud-init[709]: ci-info: |   5   |   ff00::/8  |    ::   |   enp0s3  |   U   |
[   22.246633] cloud-init[709]: ci-info: +-------+-------------+---------+-----------+-------+
[[0;32m  OK  [0m] Started Initial cloud-init job (metadata service crawler).
[[0;32m  OK  [0m] Reached target System Initialization.
[[0;32m  OK  [0m] Started Trigger to poll for Ubuntu …(Only enabled on GCP LTS non-pro).
[[0;32m  OK  [0m] Listening on ACPID Listen Socket.
[[0;32m  OK  [0m] Started Daily Cleanup of Temporary Directories.
[[0;32m  OK  [0m] Started Ubuntu Advantage Timer for running repeated jobs.
         Starting Socket activation for snappy daemon.
[[0;32m  OK  [0m] Listening on UUID daemon activation socket.
[[0;32m  OK  [0m] Listening on D-Bus System Message Bus Socket.
[[0;32m  OK  [0m] Started Discard unused blocks once a week.
[[0;32m  OK  [0m] Listening on Open-iSCSI iscsid Socket.
[[0;32m  OK  [0m] Started Daily apt download activities.
[[0;32m  OK  [0m] Listening on cloud-init hotplug hook socket.
[[0;32m  OK  [0m] Started Message of the Day.
[[0;32m  OK  [0m] Started Daily apt upgrade and clean activities.
[[0;32m  OK  [0m] Reached target Timers.
         Starting LXD - unix socket.
[[0;32m  OK  [0m] Started ACPI Events Check.
[[0;32m  OK  [0m] Reached target Paths.
[[0;32m  OK  [0m] Reached target Cloud-config availability.
[[0;32m  OK  [0m] Reached target Network is Online.
[[0;32m  OK  [0m] Reached target Remote File Systems (Pre).
         Starting Availability of block devices...
         Mounting /vagrant...
[[0;32m  OK  [0m] Listening on Socket activation for snappy daemon.
[[0;32m  OK  [0m] Listening on LXD - unix socket.
[[0;32m  OK  [0m] Started Availability of block devices.
[[0;32m  OK  [0m] Reached target Sockets.
[[0;32m  OK  [0m] Reached target Basic System.
[[0;32m  OK  [0m] Started Regular background program processing daemon.
[[0;32m  OK  [0m] Started D-Bus System Message Bus.
         Starting LXD - container startup/shutdown...
         Starting Login Service...
[[0;32m  OK  [0m] Started irqbalance daemon.
[[0;32m  OK  [0m] Started FUSE filesystem for LXC.
         Starting LSB: Record successful boot for GRUB...
[[0;32m  OK  [0m] Started Deferred execution scheduler.
         Starting vboxadd.service...
         Starting Message of the Day...
         Starting Snap Daemon...
         Starting Discard unused blocks...
         Starting System Logging Service...
         Starting OpenBSD Secure Shell server...
         Starting Dispatcher daemon for systemd-networkd...
         Starting Accounts Service...
[[0;1;31mFAILED[0m] Failed to mount /vagrant.
See 'systemctl status vagrant.mount' for details.
[[0;1;33mDEPEND[0m] Dependency failed for Remote File Systems.
[[0;32m  OK  [0m] Started System Logging Service.
[[0;32m  OK  [0m] Started Discard unused blocks.
[[0;32m  OK  [0m] Started Login Service.
[[0;32m  OK  [0m] Started Unattended Upgrades Shutdown.
         Starting LSB: automatic crash report generation...
         Starting Permit User Sessions...
[[0;32m  OK  [0m] Started Permit User Sessions.
         Starting Hold until boot process finishes up...
         Starting Terminate Plymouth Boot Screen...
[[0;32m  OK  [0m] Started Hold until boot process finishes up.
[[0;32m  OK  [0m] Started Terminate Plymouth Boot Screen.
[[0;32m  OK  [0m] Started Serial Getty on ttyS0.
         Starting Set console scheme...
[[0;32m  OK  [0m] Started Set console scheme.
[[0;32m  OK  [0m] Created slice system-getty.slice.
[[0;32m  OK  [0m] Started Getty on tty1.
[[0;32m  OK  [0m] Reached target Login Prompts.
         Starting Authorization Manager...
[[0;32m  OK  [0m] Started LSB: Record successful boot for GRUB.
[[0;32m  OK  [0m] Started LSB: automatic crash report generation.
[[0;32m  OK  [0m] Started Authorization Manager.
[[0;32m  OK  [0m] Started Accounts Service.
[[0;32m  OK  [0m] Started OpenBSD Secure Shell server.
[[0;32m  OK  [0m] Started Dispatcher daemon for systemd-networkd.
[[0;32m  OK  [0m] Started LXD - container startup/shutdown.
[[0;32m  OK  [0m] Created slice User Slice of vagrant.
         Starting User Manager for UID 1000...
[[0;32m  OK  [0m] Started Session 1 of user vagrant.
[[0;32m  OK  [0m] Started Message of the Day.
[[0;32m  OK  [0m] Started User Manager for UID 1000.
[[0;32m  OK  [0m] Started Snap Daemon.
         Starting Wait until snapd is fully seeded...
[[0;32m  OK  [0m] Started Wait until snapd is fully seeded.
         Starting Apply the settings specified in cloud-config...
[   32.239159] cloud-init[1265]: Cloud-init v. 21.4-0ubuntu1~18.04.1 running 'modules:config' at Thu, 27 Jan 2022 10:10:44 +0000. Up 32.00 seconds.

Ubuntu 18.04.6 LTS ubuntu-bionic ttyS0

ubuntu-bionic login: [   38.774495] cloud-init[1599]: Cloud-init v. 21.4-0ubuntu1~18.04.1 running 'modules:final' at Thu, 27 Jan 2022 10:10:51 +0000. Up 38.34 seconds.
[   38.802598] cloud-init[1599]: Cloud-init v. 21.4-0ubuntu1~18.04.1 finished at Thu, 27 Jan 2022 10:10:51 +0000. Datasource DataSourceNoCloud [seed=/dev/sdb][dsmode=net].  Up 38.76 seconds
